<?xml version="1.0" encoding="UTF-8" ?>
<testsuite tests="1" failures="0" name="revolut.moneyTransfer.TransactionTest" time="3.575" errors="1" skipped="0">
  <properties>
[...]
</properties>
  <testcase classname="revolut.moneyTransfer.TransactionTest" name="revolut.moneyTransfer.TransactionTest" time="3.575">
    <error message="javax.persistence.PersistenceContext.synchronization()Ljavax/persistence/SynchronizationType;" type="java.lang.NoSuchMethodError">java.lang.NoSuchMethodError: javax.persistence.PersistenceContext.synchronization()Ljavax/persistence/SynchronizationType;
	at org.apache.openejb.config.PersistenceContextAnnFactory$DirectPersistenceContext.synchronization(PersistenceContextAnnFactory.java:118)
	at org.apache.openejb.config.AnnotationDeployer$ProcessAnnotatedBeans.buildPersistenceContext(AnnotationDeployer.java:4666)
	at org.apache.openejb.config.AnnotationDeployer$ProcessAnnotatedBeans.buildAnnotatedRefs(AnnotationDeployer.java:4034)
	at org.apache.openejb.config.AnnotationDeployer$ProcessAnnotatedBeans.deploy(AnnotationDeployer.java:2953)
	at org.apache.openejb.config.AnnotationDeployer$ProcessAnnotatedBeans.deploy(AnnotationDeployer.java:2000)
	at org.apache.openejb.config.AnnotationDeployer.deploy(AnnotationDeployer.java:384)
	at org.apache.openejb.config.ConfigurationFactory$Chain.deploy(ConfigurationFactory.java:420)
	at org.apache.openejb.config.ConfigurationFactory.configureApplication(ConfigurationFactory.java:1037)
	at org.apache.openejb.OpenEjbContainer$Provider.createEJBContainer(OpenEjbContainer.java:322)
	at javax.ejb.embeddable.EJBContainer.createEJBContainer(EJBContainer.java:56)
	at revolut.moneyTransfer.TransactionTest.getServices(TransactionTest.java:37)
	at sun.reflect.NativeMethodAccessorImpl.invoke0(Native Method)
	at sun.reflect.NativeMethodAccessorImpl.invoke(NativeMethodAccessorImpl.java:62)
	at sun.reflect.DelegatingMethodAccessorImpl.invoke(DelegatingMethodAccessorImpl.java:43)
	at java.lang.reflect.Method.invoke(Method.java:498)
	at org.junit.runners.model.FrameworkMethod$1.runReflectiveCall(FrameworkMethod.java:50)
	at org.junit.internal.runners.model.ReflectiveCallable.run(ReflectiveCallable.java:12)
	at org.junit.runners.model.FrameworkMethod.invokeExplosively(FrameworkMethod.java:47)
	at org.junit.internal.runners.statements.RunBefores.evaluate(RunBefores.java:24)
	at org.junit.runners.ParentRunner.run(ParentRunner.java:363)
	at org.apache.maven.surefire.junit4.JUnit4Provider.execute(JUnit4Provider.java:252)
	at org.apache.maven.surefire.junit4.JUnit4Provider.executeTestSet(JUnit4Provider.java:141)
	at org.apache.maven.surefire.junit4.JUnit4Provider.invoke(JUnit4Provider.java:112)
	at sun.reflect.NativeMethodAccessorImpl.invoke0(Native Method)
	at sun.reflect.NativeMethodAccessorImpl.invoke(NativeMethodAccessorImpl.java:62)
	at sun.reflect.DelegatingMethodAccessorImpl.invoke(DelegatingMethodAccessorImpl.java:43)
	at java.lang.reflect.Method.invoke(Method.java:498)
	at org.apache.maven.surefire.util.ReflectionUtils.invokeMethodWithArray(ReflectionUtils.java:189)
	at org.apache.maven.surefire.booter.ProviderFactory$ProviderProxy.invoke(ProviderFactory.java:165)
	at org.apache.maven.surefire.booter.ProviderFactory.invokeProvider(ProviderFactory.java:85)
	at org.apache.maven.surefire.booter.ForkedBooter.runSuitesInProcess(ForkedBooter.java:115)
	at org.apache.maven.surefire.booter.ForkedBooter.main(ForkedBooter.java:75)
</error>
    <system-out>INFORMAÇÕES - ********************************************************************************
INFORMAÇÕES - OpenEJB http://tomee.apache.org/
INFORMAÇÕES - Startup: Wed Oct 10 10:21:26 CEST 2018
INFORMAÇÕES - Copyright 1999-2018 (C) Apache OpenEJB Project, All Rights Reserved.
INFORMAÇÕES - Version: 7.1.0
INFORMAÇÕES - Build date: 20180902
INFORMAÇÕES - Build time: 09:50
INFORMAÇÕES - ********************************************************************************
INFORMAÇÕES - openejb.home = /Users/emanoelamoselli/Documents/workspace2/moneyTransfer
INFORMAÇÕES - openejb.base = /Users/emanoelamoselli/Documents/workspace2/moneyTransfer
INFORMAÇÕES - Created new singletonService org.apache.openejb.cdi.ThreadSingletonServiceImpl@3108bc
INFORMAÇÕES - Succeeded in installing singleton service
INFORMAÇÕES - Using &apos;javax.ejb.embeddable.EJBContainer=true&apos;
INFORMAÇÕES - Cannot find the configuration file [conf/openejb.xml].  Will attempt to create one for the beans deployed.
INFORMAÇÕES - Configuring Service(id=Default Security Service, type=SecurityService, provider-id=Default Security Service)
INFORMAÇÕES - Configuring Service(id=Default Transaction Manager, type=TransactionManager, provider-id=Default Transaction Manager)
INFORMAÇÕES - Configuring Service(id=h2DataBase, type=Resource, provider-id=Default JDBC Database)
INFORMAÇÕES - Creating TransactionManager(id=Default Transaction Manager)
INFORMAÇÕES - Creating SecurityService(id=Default Security Service)
INFORMAÇÕES - Creating Resource(id=h2DataBase)
INFORMAÇÕES - Found EjbModule in classpath: /Users/emanoelamoselli/Documents/workspace2/moneyTransfer/target/classes
INFORMAÇÕES - Beginning load: /Users/emanoelamoselli/Documents/workspace2/moneyTransfer/target/classes
INFORMAÇÕES - Configuring enterprise application: /Users/emanoelamoselli/Documents/workspace2/moneyTransfer
INFORMAÇÕES - Closing DataSource: h2DataBase
</system-out>
  </testcase>
</testsuite>